     1                                 %line 1+1 exer.asm
     2                                 [segment .data]
     3                                 
     4 00000000 2500                   a1 dw 37
     5 00000002 5E01                   b1 dw 350
     6 00000004 BFFF                   c1 dw -65
     7 00000006 55FE                   d1 dw -427
     8                                 
     9                                 
    10 00000008 AA02                   a2 dw 0000001010101010
    11 0000000A EDFF                   b2 dw 1111111111101101
    12 0000000C 0101                   c2 dw 0x0101
    13 0000000E CCFF                   d2 dw 0xffcc
    14                                 
    15                                 
    16 00000010 5A01                   a3 dw 0x015a
    17 00000012 DCFE                   b3 dw 0xfedc
    18 00000014 0101                   c3 dw 0x0101
    19 00000016 DCAC                   d3 dw 0xacdc
    20                                 
    21                                 
    22 00000018 0000B03F               a4 dd 1.375
    23 0000001C 0000283D               b4 dd 0.041015625
    24 00000020 00D40EC4               c4 dd -571.3125
    25 00000024 00B27F45               d4 dd 4091.125
