     1                                 %line 1+1 ifelse.asm
     2                                 
     3                                 
     4                                 
     5                                 
     6                                 
     7                                 
     8                                 
     9                                 [segment .data]
    10 00000000 0700000000000000       a dq 7
    11 00000008 0800000000000000       b dq 8
    12 00000010 0000000000000000       max dq 0
    13                                 
    14                                 [segment .text]
    15                                 [global _start]
    16                                 _start:
    17 00000000 488B0425[00000000]      mov rax, [a]
    18 00000008 488B1C25[00000000]      mov rbx, [b]
    19 00000010 4839D8                  cmp rax, rbx
    20 00000013 7D08                    jnl else
    21 00000015 48891C25[00000000]      mov [max], rbx
    22 0000001D EB06                    jmp endif
    23 0000001F 48890425[00000000]     else: mov [max], rax
    24                                 endif:
    25 00000027 31C0                    xor eax, eax
    26 00000029 C3                      ret
