     1                                 %line 1+1 add.asm
     2                                 
     3                                 
     4                                 [segment .data]
     5 00000000 9700000000000000       a dq 151
     6 00000008 3601000000000000       b dq 310
     7 00000010 0000000000000000       sum dq 0
     8                                 
     9                                 [global _start]
    10                                 [segment .text]
    11                                 _start:
    12                                 
    13 00000000 55                      push rbp
    14 00000001 4889E5                  mov rbp, rsp
    15 00000004 4883EC10                sub rsp, 16
    16                                 
    17 00000008 48C7C009000000          mov rax, 9
    18 0000000F 48010425[00000000]      add [a], rax
    19 00000017 488B0425[00000000]      mov rax, [b]
    20 0000001F 4883C00A                add rax, 10
    21 00000023 48030425[00000000]      add rax, [a]
    22 0000002B 48890425[00000000]      mov [sum], rax
    23                                 
    24                                 
    25 00000033 48C7C000000000          mov rax, 0
    26 0000003A C9                      leave
    27 0000003B C3                      ret
