     1                                 %line 1+1 exer3.asm
     2                                 
     3                                 
     4                                 [segment .data]
     5 00000000 4E00000000000000       a dq 78
     6 00000008 5700000000000000       b dq 87
     7 00000010 5B00000000000000       c dq 91
     8 00000018 4F00000000000000       d dq 79
     9 00000020 0000000000000000       avg dq 0
    10 00000028 0000000000000000       rem dq 0
    11                                 
    12                                 [global _start]
    13                                 [segment .text]
    14                                 _start:
    15                                 
    16 00000000 55                      push rbp
    17 00000001 4889E5                  mov rbp, rsp
    18 00000004 4883EC10                sub rsp, 16
    19                                 
    20 00000008 488B0425[00000000]      mov rax, [a]
    21 00000010 48030425[00000000]      add rax, [b]
    22 00000018 48030425[00000000]      add rax, [c]
    23 00000020 48030425[00000000]      add rax, [d]
    24 00000028 4831D2                  xor rdx, rdx
    25 0000002B 48C7C304000000          mov rbx, 4
    26 00000032 48F7F3                  div rbx
    27 00000035 48890425[00000000]      mov [avg], rax
    28 0000003D 48891425[00000000]      mov [rem], rdx
    29                                 
    30                                 
    31 00000045 48C7C000000000          mov rax, 0
    32 0000004C C9                      leave
    33 0000004D C3                      ret
