     1                                 %line 1+1 exer4.asm
     2                                 
     3                                 
     4                                 
     5                                 
     6                                 
     7                                 
     8                                 
     9                                 [segment .data]
    10 00000000 4500000000000000       cpkh dq 69
    11 00000008 3200000000000000       khs dq 50
    12 00000010 0500000000000000       cdol dq 5
    13 00000018 0000000000000000       cpen dq 0
    14                                 
    15                                 [global _start]
    16                                 [segment .text]
    17                                 _start:
    18                                 
    19 00000000 55                      push rbp
    20 00000001 4889E5                  mov rbp, rsp
    21 00000004 4883EC10                sub rsp, 16
    22                                 
    23 00000008 488B0425[00000000]      mov rax, [cpkh]
    24 00000010 488B1C25[00000000]      mov rbx, [khs]
    25 00000018 4889DA                  mov rdx, rbx
    26 0000001B 49C7C000000000          mov r8, 0
    27 00000022 48F7DA                  neg rdx
    28 00000025 490F4FD8                cmovg rbx, r8
    29 00000029 48F7EB                  imul rbx
    30 0000002C 48C7C164000000          mov rcx, 100
    31 00000033 48F7F9                  idiv rcx
    32 00000036 48010425[00000000]      add [cdol], rax
    33 0000003E 48011425[00000000]      add [cpen], rdx
    34                                 
    35                                 
    36 00000046 48C7C000000000          mov rax, 0
    37 0000004D C9                      leave
    38 0000004E C3                      ret
