     1                                 %line 1+1 exer1.asm
     2                                 
     3                                 
     4                                 [segment .data]
     5 00000000 1400000000000000       x1 dq 20
     6 00000008 4000000000000000       x2 dq 64
     7 00000010 0F00000000000000       y1 dq 15
     8 00000018 4800000000000000       y2 dq 72
     9 00000020 0000000000000000       dsqrd dq 0
    10                                 
    11                                 [global _start]
    12                                 [segment .text]
    13                                 _start:
    14                                 
    15 00000000 55                      push rbp
    16 00000001 4889E5                  mov rbp, rsp
    17 00000004 4883EC10                sub rsp, 16
    18                                 
    19 00000008 488B0425[00000000]      mov rax, [x1]
    20 00000010 482B0425[00000000]      sub rax, [x2]
    21 00000018 48F7E0                  mul rax
    22 0000001B 4989C0                  mov r8, rax
    23 0000001E 488B1C25[00000000]      mov rbx, [y1]
    24 00000026 482B1C25[00000000]      sub rbx, [y2]
    25 0000002E 4889D8                  mov rax, rbx
    26 00000031 48F7E3                  mul rbx
    27 00000034 4C01C0                  add rax, r8
    28 00000037 48890425[00000000]      mov [dsqrd], rax
    29                                 
    30                                 
    31 0000003F 48C7C000000000          mov rax, 0
    32 00000046 C9                      leave
    33 00000047 C3                      ret
