     1                                 %line 1+1 exer2.asm
     2                                 
     3                                 
     4                                 [segment .data]
     5 00000000 1400000000000000       x1 dq 20
     6 00000008 4000000000000000       x2 dq 64
     7 00000010 0F00000000000000       y1 dq 15
     8 00000018 4800000000000000       y2 dq 72
     9 00000020 0000000000000000       xdiff dq 0
    10 00000028 0000000000000000       ydiff dq 0
    11                                 
    12                                 [global _start]
    13                                 [segment .text]
    14                                 _start:
    15                                 
    16 00000000 55                      push rbp
    17 00000001 4889E5                  mov rbp, rsp
    18 00000004 4883EC10                sub rsp, 16
    19                                 
    20 00000008 488B0425[00000000]      mov rax, [x2]
    21 00000010 482B0425[00000000]      sub rax, [x1]
    22 00000018 48890425[00000000]      mov [xdiff], rax
    23 00000020 488B0425[00000000]      mov rax, [y2]
    24 00000028 482B0425[00000000]      sub rax, [y1]
    25 00000030 48890425[00000000]      mov [ydiff], rax
    26                                 
    27                                 
    28 00000038 48C7C301000000          mov rbx, 1
    29 0000003F 48C7C000000000          mov rax, 0
    30 00000046 480F44C3                cmovz rax, rbx
    31 0000004A C9                      leave
    32 0000004B C3                      ret
