     1                                 %line 1+1 mul.asm
     2                                 
     3                                 
     4                                 
     5                                 
     6                                 [segment .data]
     7 00000000 20AA130000000000       data dq 1288736
     8 00000008 0000000000000000       high dq 0
     9 00000010 0000000000000000       low dq 0
    10 00000018 88FFFFFFFFFFFFFF       x dq -120
    11                                 
    12                                 [global _start]
    13                                 [segment .text]
    14                                 _start:
    15                                 
    16 00000000 55                      push rbp
    17 00000001 4889E5                  mov rbp, rsp
    18 00000004 4883EC10                sub rsp, 16
    19                                 
    20                                 
    21 00000008 48C7C05E3D0200          mov rax, 146782
    22 0000000F 48F72C25[00000000]      imul qword [data]
    23 00000017 48891425[00000000]      mov [high], rdx
    24 0000001F 48890425[00000000]      mov [low], rax
    25                                 
    26                                 
    27 00000027 48C7C08E060000          mov rax, 1678
    28 0000002E 486BC064                imul rax, 100
    29 00000032 49C7C0A35E0100          mov r8, 89763
    30 00000039 49C7C1F677FFFF          mov r9, -34826
    31 00000040 49C7C206160000          mov r10, 5638
    32 00000047 4C0FAF0425[00000000]      imul r8, [x]
    33 00000050 4D0FAFCA                imul r9, r10
    34                                 
    35                                 
    36 00000054 486B1C25[00000000]-     imul rbx, [x], 100
    37 00000054 64                 
    38 0000005D 486BD332                imul rdx, rbx, 50
    39                                 
    40                                 
    41 00000061 48C7C000000000          mov rax, 0
    42 00000068 C9                      leave
    43 00000069 C3                      ret
