     1                                 %line 1+1 sub.asm
     2                                 
     3                                 
     4                                 [segment .data]
     5 00000000 6400000000000000       a dq 100
     6 00000008 C800000000000000       b dq 200
     7 00000010 0000000000000000       diff dq 0
     8                                 
     9                                 [global _start]
    10                                 [segment .text]
    11                                 _start:
    12                                 
    13 00000000 55                      push rbp
    14 00000001 4889E5                  mov rbp, rsp
    15 00000004 4883EC10                sub rsp, 16
    16                                 
    17 00000008 48C7C00A000000          mov rax, 10
    18 0000000F 48290425[00000000]      sub [a], rax
    19 00000017 48290425[00000000]      sub [b], rax
    20 0000001F 488B0425[00000000]      mov rax, [b]
    21 00000027 482B0425[00000000]      sub rax, [a]
    22 0000002F 48890425[00000000]      mov [diff], rax
    23                                 
    24                                 
    25 00000037 48C7C000000000          mov rax, 0
    26 0000003E C9                      leave
    27 0000003F C3                      ret
